<html>
<head>
<title>TestNG:  Test</title>
<link href="../testng.css" rel="stylesheet" type="text/css" />
<link href="../my-testng.css" rel="stylesheet" type="text/css" />

<style type="text/css">
.log { display: none;} 
.stack-trace { display: none;} 
</style>
<script type="text/javascript">
<!--
function flip(e) {
  current = e.style.display;
  if (current == 'block') {
    e.style.display = 'none';
    return 0;
  }
  else {
    e.style.display = 'block';
    return 1;
  }
}

function toggleBox(szDivId, elem, msg1, msg2)
{
  var res = -1;  if (document.getElementById) {
    res = flip(document.getElementById(szDivId));
  }
  else if (document.all) {
    // this is the way old msie versions work
    res = flip(document.all[szDivId]);
  }
  if(elem) {
    if(res == 0) elem.innerHTML = msg1; else elem.innerHTML = msg2;
  }

}

function toggleAllBoxes() {
  if (document.getElementsByTagName) {
    d = document.getElementsByTagName('div');
    for (i = 0; i < d.length; i++) {
      if (d[i].className == 'log') {
        flip(d[i]);
      }
    }
  }
}

// -->
</script>

</head>
<body>
<h2 align='center'>Test</h2><table border='1' align="center">
<tr>
<td>Tests passed/Failed/Skipped:</td><td>1/0/0</td>
</tr><tr>
<td>Started on:</td><td>Thu Jan 12 15:11:53 IST 2023</td>
</tr>
<tr><td>Total time:</td><td>28 seconds (28803 ms)</td>
</tr><tr>
<td>Included groups:</td><td></td>
</tr><tr>
<td>Excluded groups:</td><td></td>
</tr>
</table><p/>
<small><i>(Hover the method name to see the test class name)</i></small><p/>
<table width='100%' border='1' class='invocation-passed'>
<tr><td colspan='4' align='center'><b>PASSED TESTS</b></td></tr>
<tr><td><b>Test method</b></td>
<td width="30%"><b>Exception</b></td>
<td width="10%"><b>Time (seconds)</b></td>
<td><b>Instance</b></td>
</tr>
<tr>
<td title='newTestcase.Tc001_Subsribe_Test.portfolioTest()'><b>portfolioTest</b><br>Test class: newTestcase.Tc001_Subsribe_Test<br>Parameters: S1<br/>
<a href="#Output-1977508673" onClick='toggleBox("Output-1977508673", this, "Show output", "Hide output");'>Show output</a>

<a href="#Output-1977508673" onClick="toggleAllBoxes();">Show all outputs</a>
<div class='log' id="Output-1977508673">
Trying to find Element By : By.xpath: //nav/child::a<br/>
Found Element By : By.xpath: //nav/child::a<br/>
Trying to find Element By : By.xpath: //nav/child::a<br/>
Found Element By : By.xpath: //nav/child::a<br/>
Trying to find Element By : By.xpath: //nav/child::a<br/>
Found Element By : By.xpath: //nav/child::a<br/>
Trying to find Element By : By.xpath: //select[@aria-labelledby='sort-by']<br/>
Found Element By : By.xpath: //select[@aria-labelledby='sort-by']<br/>
Trying to find Element By : By.xpath: //select[@aria-labelledby='sort-by']<br/>
Found Element By : By.xpath: //select[@aria-labelledby='sort-by']<br/>
Trying to find Element By : By.xpath: //select[@aria-labelledby='sort-by']<br/>
Found Element By : By.xpath: //select[@aria-labelledby='sort-by']<br/>
Trying to find Element By : By.xpath: .//option[normalize-space(.) = "Date of topic update"]<br/>
Found Element By : By.xpath: .//option[normalize-space(.) = "Date of topic update"]<br/>
Trying to click on: [[[[ChromeDriver: chrome on WINDOWS (82308819435c7923832dfbdb1c2d6dc8)] -> xpath: //select[@aria-labelledby='sort-by']]] -> xpath: .//option[normalize-space(.) = "Date of topic update"]]<br/>
Clicked on: [[[[ChromeDriver: chrome on WINDOWS (82308819435c7923832dfbdb1c2d6dc8)] -> xpath: //select[@aria-labelledby='sort-by']]] -> xpath: .//option[normalize-space(.) = "Date of topic update"]]<br/>
Trying to find Element By : By.xpath: //input[@aria-label='filter']<br/>
Found Element By : By.xpath: //input[@aria-label='filter']<br/>
Trying to find Element By : By.xpath: //a[normalize-space()='Litigation Financing']<br/>
Found Element By : By.xpath: //a[normalize-space()='Litigation Financing']<br/>
Trying to find Element By : By.xpath: //div[@class='css-1k5s00q']//div/child::p[1]<br/>
Found Element By : By.xpath: //div[@class='css-1k5s00q']//div/child::p[1]<br/>
Trying to find Element By : By.xpath: //div[@class='css-1k5s00q']//div/child::p[1]<br/>
Found Element By : By.xpath: //div[@class='css-1k5s00q']//div/child::p[1]<br/>
Trying to find Element By : By.xpath: //div[@class='css-1k5s00q']//div/child::p[1]<br/>
Found Element By : By.xpath: //div[@class='css-1k5s00q']//div/child::p[1]<br/>
Trying to find Element By : By.xpath: //div[@class='css-1k5s00q']//div/child::p[1]<br/>
Found Element By : By.xpath: //div[@class='css-1k5s00q']//div/child::p[1]<br/>
Trying to find Element By : By.xpath: //div[@class='css-1k5s00q']//div/child::p[1]<br/>
Found Element By : By.xpath: //div[@class='css-1k5s00q']//div/child::p[1]<br/>
Trying to find Element By : By.xpath: //div[@class='css-1k5s00q']//div/child::p[1]<br/>
Found Element By : By.xpath: //div[@class='css-1k5s00q']//div/child::p[1]<br/>
Trying to find Element By : By.xpath: //div[@class='css-1k5s00q']//div/child::p[1]<br/>
Found Element By : By.xpath: //div[@class='css-1k5s00q']//div/child::p[1]<br/>
Trying to find Element By : By.xpath: //div[@class='css-1k5s00q']//div/child::p[1]<br/>
Found Element By : By.xpath: //div[@class='css-1k5s00q']//div/child::p[1]<br/>
Trying to find Element By : By.xpath: //div[@class='css-1k5s00q']//div/child::p[1]<br/>
Found Element By : By.xpath: //div[@class='css-1k5s00q']//div/child::p[1]<br/>
Trying to find Element By : By.xpath: //div[@class='css-1k5s00q']//div/child::p[1]<br/>
Found Element By : By.xpath: //div[@class='css-1k5s00q']//div/child::p[1]<br/>
Trying to find Element By : By.xpath: //div[@class='css-79elbk'][6]//div[1]//button[1]<br/>
Found Element By : By.xpath: //div[@class='css-79elbk'][6]//div[1]//button[1]<br/>
Trying to find Element By : By.xpath: //button[normalize-space()='Done']<br/>
Exception occured: org.openqa.selenium.NoSuchElementException: no such element: Unable to locate element: {"method":"xpath","selector":"//button[normalize-space()='Done']"}
  (Session info: chrome=108.0.5359.126)
For documentation on this error, please visit: https://selenium.dev/exceptions/#no_such_element
Build info: version: '4.0.0-rc-1', revision: 'bc5511cbda'
System info: host: 'IS-Y545-AL', ip: '192.168.1.35', os.name: 'Windows 11', os.arch: 'amd64', os.version: '10.0', java.version: '17.0.5'
Driver info: org.openqa.selenium.chrome.ChromeDriver
Command: [82308819435c7923832dfbdb1c2d6dc8, findElement {using=xpath, value=//button[normalize-space()='Done']}]
Capabilities {acceptInsecureCerts: false, browserName: chrome, browserVersion: 108.0.5359.126, chrome: {chromedriverVersion: 108.0.5359.71 (1e0e3868ee06..., userDataDir: C:\Users\AVIRAJ~1\AppData\L...}, goog:chromeOptions: {debuggerAddress: localhost:60887}, javascriptEnabled: true, networkConnectionEnabled: false, pageLoadStrategy: normal, platform: WINDOWS, platformName: WINDOWS, proxy: Proxy(), se:cdp: ws://localhost:60887/devtoo..., se:cdpVersion: 108.0.5359.126, setWindowRect: true, strictFileInteractability: false, timeouts: {implicit: 0, pageLoad: 300000, script: 30000}, unhandledPromptBehavior: dismiss and notify, webauthn:extension:credBlob: true, webauthn:extension:largeBlob: true, webauthn:virtualAuthenticators: true}
Session ID: 82308819435c7923832dfbdb1c2d6dc8<br/>
Trying to find Element By : By.xpath: //button[normalize-space()='Done']<br/>
Exception occured: org.openqa.selenium.NoSuchElementException: no such element: Unable to locate element: {"method":"xpath","selector":"//button[normalize-space()='Done']"}
  (Session info: chrome=108.0.5359.126)
For documentation on this error, please visit: https://selenium.dev/exceptions/#no_such_element
Build info: version: '4.0.0-rc-1', revision: 'bc5511cbda'
System info: host: 'IS-Y545-AL', ip: '192.168.1.35', os.name: 'Windows 11', os.arch: 'amd64', os.version: '10.0', java.version: '17.0.5'
Driver info: org.openqa.selenium.chrome.ChromeDriver
Command: [82308819435c7923832dfbdb1c2d6dc8, findElement {using=xpath, value=//button[normalize-space()='Done']}]
Capabilities {acceptInsecureCerts: false, browserName: chrome, browserVersion: 108.0.5359.126, chrome: {chromedriverVersion: 108.0.5359.71 (1e0e3868ee06..., userDataDir: C:\Users\AVIRAJ~1\AppData\L...}, goog:chromeOptions: {debuggerAddress: localhost:60887}, javascriptEnabled: true, networkConnectionEnabled: false, pageLoadStrategy: normal, platform: WINDOWS, platformName: WINDOWS, proxy: Proxy(), se:cdp: ws://localhost:60887/devtoo..., se:cdpVersion: 108.0.5359.126, setWindowRect: true, strictFileInteractability: false, timeouts: {implicit: 0, pageLoad: 300000, script: 30000}, unhandledPromptBehavior: dismiss and notify, webauthn:extension:credBlob: true, webauthn:extension:largeBlob: true, webauthn:virtualAuthenticators: true}
Session ID: 82308819435c7923832dfbdb1c2d6dc8<br/>
Trying to find Element By : By.xpath: //button[normalize-space()='Done']<br/>
Found Element By : By.xpath: //button[normalize-space()='Done']<br/>
Trying to find Element By : By.xpath: (//*[name()='svg'][@class='svg-inline--fa fa-angle-down '])[1]<br/>
Found Element By : By.xpath: (//*[name()='svg'][@class='svg-inline--fa fa-angle-down '])[1]<br/>
Trying to find Element By : By.xpath: //div[@class='chakra-menu__group']/child::a<br/>
Found Element By : By.xpath: //div[@class='chakra-menu__group']/child::a<br/>
Trying to find Element By : By.xpath: //div[@class='chakra-stack css-dk347']/child::p[1]<br/>
Found Element By : By.xpath: //div[@class='chakra-stack css-dk347']/child::p[1]<br/>
Trying to find Element By : By.xpath: (//button[@title='Unsubscribe'])[2]<br/>
Found Element By : By.xpath: (//button[@title='Unsubscribe'])[2]<br/>
Trying to find Element By : By.xpath: //button[normalize-space()='Done']<br/>
Exception occured: org.openqa.selenium.NoSuchElementException: no such element: Unable to locate element: {"method":"xpath","selector":"//button[normalize-space()='Done']"}
  (Session info: chrome=108.0.5359.126)
For documentation on this error, please visit: https://selenium.dev/exceptions/#no_such_element
Build info: version: '4.0.0-rc-1', revision: 'bc5511cbda'
System info: host: 'IS-Y545-AL', ip: '192.168.1.35', os.name: 'Windows 11', os.arch: 'amd64', os.version: '10.0', java.version: '17.0.5'
Driver info: org.openqa.selenium.chrome.ChromeDriver
Command: [82308819435c7923832dfbdb1c2d6dc8, findElement {using=xpath, value=//button[normalize-space()='Done']}]
Capabilities {acceptInsecureCerts: false, browserName: chrome, browserVersion: 108.0.5359.126, chrome: {chromedriverVersion: 108.0.5359.71 (1e0e3868ee06..., userDataDir: C:\Users\AVIRAJ~1\AppData\L...}, goog:chromeOptions: {debuggerAddress: localhost:60887}, javascriptEnabled: true, networkConnectionEnabled: false, pageLoadStrategy: normal, platform: WINDOWS, platformName: WINDOWS, proxy: Proxy(), se:cdp: ws://localhost:60887/devtoo..., se:cdpVersion: 108.0.5359.126, setWindowRect: true, strictFileInteractability: false, timeouts: {implicit: 0, pageLoad: 300000, script: 30000}, unhandledPromptBehavior: dismiss and notify, webauthn:extension:credBlob: true, webauthn:extension:largeBlob: true, webauthn:virtualAuthenticators: true}
Session ID: 82308819435c7923832dfbdb1c2d6dc8<br/>
Trying to find Element By : By.xpath: //button[normalize-space()='Done']<br/>
Exception occured: org.openqa.selenium.NoSuchElementException: no such element: Unable to locate element: {"method":"xpath","selector":"//button[normalize-space()='Done']"}
  (Session info: chrome=108.0.5359.126)
For documentation on this error, please visit: https://selenium.dev/exceptions/#no_such_element
Build info: version: '4.0.0-rc-1', revision: 'bc5511cbda'
System info: host: 'IS-Y545-AL', ip: '192.168.1.35', os.name: 'Windows 11', os.arch: 'amd64', os.version: '10.0', java.version: '17.0.5'
Driver info: org.openqa.selenium.chrome.ChromeDriver
Command: [82308819435c7923832dfbdb1c2d6dc8, findElement {using=xpath, value=//button[normalize-space()='Done']}]
Capabilities {acceptInsecureCerts: false, browserName: chrome, browserVersion: 108.0.5359.126, chrome: {chromedriverVersion: 108.0.5359.71 (1e0e3868ee06..., userDataDir: C:\Users\AVIRAJ~1\AppData\L...}, goog:chromeOptions: {debuggerAddress: localhost:60887}, javascriptEnabled: true, networkConnectionEnabled: false, pageLoadStrategy: normal, platform: WINDOWS, platformName: WINDOWS, proxy: Proxy(), se:cdp: ws://localhost:60887/devtoo..., se:cdpVersion: 108.0.5359.126, setWindowRect: true, strictFileInteractability: false, timeouts: {implicit: 0, pageLoad: 300000, script: 30000}, unhandledPromptBehavior: dismiss and notify, webauthn:extension:credBlob: true, webauthn:extension:largeBlob: true, webauthn:virtualAuthenticators: true}
Session ID: 82308819435c7923832dfbdb1c2d6dc8<br/>
Trying to find Element By : By.xpath: //button[normalize-space()='Done']<br/>
Found Element By : By.xpath: //button[normalize-space()='Done']<br/>
</div>
</td>
<td></td>
<td>20</td>
<td>newTestcase.Tc001_Subsribe_Test@ab7395e</td></tr>
</table><p>
</body>
</html>