<!DOCTYPE html PUBLIC "-//W3C//DTD XHTML 1.1//EN" "http://www.w3.org/TR/xhtml11/DTD/xhtml11.dtd">
<html xmlns="http://www.w3.org/1999/xhtml"><head><title>TestNG Report</title><style type="text/css">table {margin-bottom:10px;border-collapse:collapse;empty-cells:show}th,td {border:1px solid #009;padding:.25em .5em}th {vertical-align:bottom}td {vertical-align:top}table a {font-weight:bold}.stripe td {background-color: #E6EBF9}.num {text-align:right}.passedodd td {background-color: #3F3}.passedeven td {background-color: #0A0}.skippedodd td {background-color: #DDD}.skippedeven td {background-color: #CCC}.failedodd td,.attn {background-color: #F33}.failedeven td,.stripe .attn {background-color: #D00}.stacktrace {white-space:pre;font-family:monospace}.totop {font-size:85%;text-align:center;border-bottom:2px solid #000}</style></head><body><table><tr><th>Test</th><th># Passed</th><th># Skipped</th><th># Failed</th><th>Time (ms)</th><th>Included Groups</th><th>Excluded Groups</th></tr><tr><th colspan="7">Suite</th></tr><tr><td><a href="#t0">Test</a></td><td class="num">1</td><td class="num">0</td><td class="num">0</td><td class="num">28,803</td><td></td><td></td></tr></table><table><thead><tr><th>Class</th><th>Method</th><th>Start</th><th>Time (ms)</th></tr></thead><tbody><tr><th colspan="4">Suite</th></tr></tbody><tbody id="t0"><tr><th colspan="4">Test &#8212; passed</th></tr><tr class="passedeven"><td rowspan="1">newTestcase.Tc001_Subsribe_Test</td><td><a href="#m0">portfolioTest</a></td><td rowspan="1">1673516520733</td><td rowspan="1">20808</td></tr></tbody></table><h2>Test</h2><h3 id="m0">newTestcase.Tc001_Subsribe_Test#portfolioTest</h3><table class="result"><tr class="param"><th>Parameter #1</th></tr><tr class="param stripe"><td>S1</td></tr><tr><th>Messages</th></tr><tr><td><div class="messages">Trying to find Element By : By.xpath: //nav/child::a<br/>Found Element By : By.xpath: //nav/child::a<br/>Trying to find Element By : By.xpath: //nav/child::a<br/>Found Element By : By.xpath: //nav/child::a<br/>Trying to find Element By : By.xpath: //nav/child::a<br/>Found Element By : By.xpath: //nav/child::a<br/>Trying to find Element By : By.xpath: //select[@aria-labelledby=&apos;sort-by&apos;]<br/>Found Element By : By.xpath: //select[@aria-labelledby=&apos;sort-by&apos;]<br/>Trying to find Element By : By.xpath: //select[@aria-labelledby=&apos;sort-by&apos;]<br/>Found Element By : By.xpath: //select[@aria-labelledby=&apos;sort-by&apos;]<br/>Trying to find Element By : By.xpath: //select[@aria-labelledby=&apos;sort-by&apos;]<br/>Found Element By : By.xpath: //select[@aria-labelledby=&apos;sort-by&apos;]<br/>Trying to find Element By : By.xpath: .//option[normalize-space(.) = &quot;Date of topic update&quot;]<br/>Found Element By : By.xpath: .//option[normalize-space(.) = &quot;Date of topic update&quot;]<br/>Trying to click on: [[[[ChromeDriver: chrome on WINDOWS (82308819435c7923832dfbdb1c2d6dc8)] -&gt; xpath: //select[@aria-labelledby=&apos;sort-by&apos;]]] -&gt; xpath: .//option[normalize-space(.) = &quot;Date of topic update&quot;]]<br/>Clicked on: [[[[ChromeDriver: chrome on WINDOWS (82308819435c7923832dfbdb1c2d6dc8)] -&gt; xpath: //select[@aria-labelledby=&apos;sort-by&apos;]]] -&gt; xpath: .//option[normalize-space(.) = &quot;Date of topic update&quot;]]<br/>Trying to find Element By : By.xpath: //input[@aria-label=&apos;filter&apos;]<br/>Found Element By : By.xpath: //input[@aria-label=&apos;filter&apos;]<br/>Trying to find Element By : By.xpath: //a[normalize-space()=&apos;Litigation Financing&apos;]<br/>Found Element By : By.xpath: //a[normalize-space()=&apos;Litigation Financing&apos;]<br/>Trying to find Element By : By.xpath: //div[@class=&apos;css-1k5s00q&apos;]//div/child::p[1]<br/>Found Element By : By.xpath: //div[@class=&apos;css-1k5s00q&apos;]//div/child::p[1]<br/>Trying to find Element By : By.xpath: //div[@class=&apos;css-1k5s00q&apos;]//div/child::p[1]<br/>Found Element By : By.xpath: //div[@class=&apos;css-1k5s00q&apos;]//div/child::p[1]<br/>Trying to find Element By : By.xpath: //div[@class=&apos;css-1k5s00q&apos;]//div/child::p[1]<br/>Found Element By : By.xpath: //div[@class=&apos;css-1k5s00q&apos;]//div/child::p[1]<br/>Trying to find Element By : By.xpath: //div[@class=&apos;css-1k5s00q&apos;]//div/child::p[1]<br/>Found Element By : By.xpath: //div[@class=&apos;css-1k5s00q&apos;]//div/child::p[1]<br/>Trying to find Element By : By.xpath: //div[@class=&apos;css-1k5s00q&apos;]//div/child::p[1]<br/>Found Element By : By.xpath: //div[@class=&apos;css-1k5s00q&apos;]//div/child::p[1]<br/>Trying to find Element By : By.xpath: //div[@class=&apos;css-1k5s00q&apos;]//div/child::p[1]<br/>Found Element By : By.xpath: //div[@class=&apos;css-1k5s00q&apos;]//div/child::p[1]<br/>Trying to find Element By : By.xpath: //div[@class=&apos;css-1k5s00q&apos;]//div/child::p[1]<br/>Found Element By : By.xpath: //div[@class=&apos;css-1k5s00q&apos;]//div/child::p[1]<br/>Trying to find Element By : By.xpath: //div[@class=&apos;css-1k5s00q&apos;]//div/child::p[1]<br/>Found Element By : By.xpath: //div[@class=&apos;css-1k5s00q&apos;]//div/child::p[1]<br/>Trying to find Element By : By.xpath: //div[@class=&apos;css-1k5s00q&apos;]//div/child::p[1]<br/>Found Element By : By.xpath: //div[@class=&apos;css-1k5s00q&apos;]//div/child::p[1]<br/>Trying to find Element By : By.xpath: //div[@class=&apos;css-1k5s00q&apos;]//div/child::p[1]<br/>Found Element By : By.xpath: //div[@class=&apos;css-1k5s00q&apos;]//div/child::p[1]<br/>Trying to find Element By : By.xpath: //div[@class=&apos;css-79elbk&apos;][6]//div[1]//button[1]<br/>Found Element By : By.xpath: //div[@class=&apos;css-79elbk&apos;][6]//div[1]//button[1]<br/>Trying to find Element By : By.xpath: //button[normalize-space()=&apos;Done&apos;]<br/>Exception occured: org.openqa.selenium.NoSuchElementException: no such element: Unable to locate element: {&quot;method&quot;:&quot;xpath&quot;,&quot;selector&quot;:&quot;//button[normalize-space()=&apos;Done&apos;]&quot;}
  (Session info: chrome=108.0.5359.126)
For documentation on this error, please visit: https://selenium.dev/exceptions/#no_such_element
Build info: version: &apos;4.0.0-rc-1&apos;, revision: &apos;bc5511cbda&apos;
System info: host: &apos;IS-Y545-AL&apos;, ip: &apos;192.168.1.35&apos;, os.name: &apos;Windows 11&apos;, os.arch: &apos;amd64&apos;, os.version: &apos;10.0&apos;, java.version: &apos;17.0.5&apos;
Driver info: org.openqa.selenium.chrome.ChromeDriver
Command: [82308819435c7923832dfbdb1c2d6dc8, findElement {using=xpath, value=//button[normalize-space()=&apos;Done&apos;]}]
Capabilities {acceptInsecureCerts: false, browserName: chrome, browserVersion: 108.0.5359.126, chrome: {chromedriverVersion: 108.0.5359.71 (1e0e3868ee06..., userDataDir: C:\Users\AVIRAJ~1\AppData\L...}, goog:chromeOptions: {debuggerAddress: localhost:60887}, javascriptEnabled: true, networkConnectionEnabled: false, pageLoadStrategy: normal, platform: WINDOWS, platformName: WINDOWS, proxy: Proxy(), se:cdp: ws://localhost:60887/devtoo..., se:cdpVersion: 108.0.5359.126, setWindowRect: true, strictFileInteractability: false, timeouts: {implicit: 0, pageLoad: 300000, script: 30000}, unhandledPromptBehavior: dismiss and notify, webauthn:extension:credBlob: true, webauthn:extension:largeBlob: true, webauthn:virtualAuthenticators: true}
Session ID: 82308819435c7923832dfbdb1c2d6dc8<br/>Trying to find Element By : By.xpath: //button[normalize-space()=&apos;Done&apos;]<br/>Exception occured: org.openqa.selenium.NoSuchElementException: no such element: Unable to locate element: {&quot;method&quot;:&quot;xpath&quot;,&quot;selector&quot;:&quot;//button[normalize-space()=&apos;Done&apos;]&quot;}
  (Session info: chrome=108.0.5359.126)
For documentation on this error, please visit: https://selenium.dev/exceptions/#no_such_element
Build info: version: &apos;4.0.0-rc-1&apos;, revision: &apos;bc5511cbda&apos;
System info: host: &apos;IS-Y545-AL&apos;, ip: &apos;192.168.1.35&apos;, os.name: &apos;Windows 11&apos;, os.arch: &apos;amd64&apos;, os.version: &apos;10.0&apos;, java.version: &apos;17.0.5&apos;
Driver info: org.openqa.selenium.chrome.ChromeDriver
Command: [82308819435c7923832dfbdb1c2d6dc8, findElement {using=xpath, value=//button[normalize-space()=&apos;Done&apos;]}]
Capabilities {acceptInsecureCerts: false, browserName: chrome, browserVersion: 108.0.5359.126, chrome: {chromedriverVersion: 108.0.5359.71 (1e0e3868ee06..., userDataDir: C:\Users\AVIRAJ~1\AppData\L...}, goog:chromeOptions: {debuggerAddress: localhost:60887}, javascriptEnabled: true, networkConnectionEnabled: false, pageLoadStrategy: normal, platform: WINDOWS, platformName: WINDOWS, proxy: Proxy(), se:cdp: ws://localhost:60887/devtoo..., se:cdpVersion: 108.0.5359.126, setWindowRect: true, strictFileInteractability: false, timeouts: {implicit: 0, pageLoad: 300000, script: 30000}, unhandledPromptBehavior: dismiss and notify, webauthn:extension:credBlob: true, webauthn:extension:largeBlob: true, webauthn:virtualAuthenticators: true}
Session ID: 82308819435c7923832dfbdb1c2d6dc8<br/>Trying to find Element By : By.xpath: //button[normalize-space()=&apos;Done&apos;]<br/>Found Element By : By.xpath: //button[normalize-space()=&apos;Done&apos;]<br/>Trying to find Element By : By.xpath: (//*[name()=&apos;svg&apos;][@class=&apos;svg-inline--fa fa-angle-down &apos;])[1]<br/>Found Element By : By.xpath: (//*[name()=&apos;svg&apos;][@class=&apos;svg-inline--fa fa-angle-down &apos;])[1]<br/>Trying to find Element By : By.xpath: //div[@class=&apos;chakra-menu__group&apos;]/child::a<br/>Found Element By : By.xpath: //div[@class=&apos;chakra-menu__group&apos;]/child::a<br/>Trying to find Element By : By.xpath: //div[@class=&apos;chakra-stack css-dk347&apos;]/child::p[1]<br/>Found Element By : By.xpath: //div[@class=&apos;chakra-stack css-dk347&apos;]/child::p[1]<br/>Trying to find Element By : By.xpath: (//button[@title=&apos;Unsubscribe&apos;])[2]<br/>Found Element By : By.xpath: (//button[@title=&apos;Unsubscribe&apos;])[2]<br/>Trying to find Element By : By.xpath: //button[normalize-space()=&apos;Done&apos;]<br/>Exception occured: org.openqa.selenium.NoSuchElementException: no such element: Unable to locate element: {&quot;method&quot;:&quot;xpath&quot;,&quot;selector&quot;:&quot;//button[normalize-space()=&apos;Done&apos;]&quot;}
  (Session info: chrome=108.0.5359.126)
For documentation on this error, please visit: https://selenium.dev/exceptions/#no_such_element
Build info: version: &apos;4.0.0-rc-1&apos;, revision: &apos;bc5511cbda&apos;
System info: host: &apos;IS-Y545-AL&apos;, ip: &apos;192.168.1.35&apos;, os.name: &apos;Windows 11&apos;, os.arch: &apos;amd64&apos;, os.version: &apos;10.0&apos;, java.version: &apos;17.0.5&apos;
Driver info: org.openqa.selenium.chrome.ChromeDriver
Command: [82308819435c7923832dfbdb1c2d6dc8, findElement {using=xpath, value=//button[normalize-space()=&apos;Done&apos;]}]
Capabilities {acceptInsecureCerts: false, browserName: chrome, browserVersion: 108.0.5359.126, chrome: {chromedriverVersion: 108.0.5359.71 (1e0e3868ee06..., userDataDir: C:\Users\AVIRAJ~1\AppData\L...}, goog:chromeOptions: {debuggerAddress: localhost:60887}, javascriptEnabled: true, networkConnectionEnabled: false, pageLoadStrategy: normal, platform: WINDOWS, platformName: WINDOWS, proxy: Proxy(), se:cdp: ws://localhost:60887/devtoo..., se:cdpVersion: 108.0.5359.126, setWindowRect: true, strictFileInteractability: false, timeouts: {implicit: 0, pageLoad: 300000, script: 30000}, unhandledPromptBehavior: dismiss and notify, webauthn:extension:credBlob: true, webauthn:extension:largeBlob: true, webauthn:virtualAuthenticators: true}
Session ID: 82308819435c7923832dfbdb1c2d6dc8<br/>Trying to find Element By : By.xpath: //button[normalize-space()=&apos;Done&apos;]<br/>Exception occured: org.openqa.selenium.NoSuchElementException: no such element: Unable to locate element: {&quot;method&quot;:&quot;xpath&quot;,&quot;selector&quot;:&quot;//button[normalize-space()=&apos;Done&apos;]&quot;}
  (Session info: chrome=108.0.5359.126)
For documentation on this error, please visit: https://selenium.dev/exceptions/#no_such_element
Build info: version: &apos;4.0.0-rc-1&apos;, revision: &apos;bc5511cbda&apos;
System info: host: &apos;IS-Y545-AL&apos;, ip: &apos;192.168.1.35&apos;, os.name: &apos;Windows 11&apos;, os.arch: &apos;amd64&apos;, os.version: &apos;10.0&apos;, java.version: &apos;17.0.5&apos;
Driver info: org.openqa.selenium.chrome.ChromeDriver
Command: [82308819435c7923832dfbdb1c2d6dc8, findElement {using=xpath, value=//button[normalize-space()=&apos;Done&apos;]}]
Capabilities {acceptInsecureCerts: false, browserName: chrome, browserVersion: 108.0.5359.126, chrome: {chromedriverVersion: 108.0.5359.71 (1e0e3868ee06..., userDataDir: C:\Users\AVIRAJ~1\AppData\L...}, goog:chromeOptions: {debuggerAddress: localhost:60887}, javascriptEnabled: true, networkConnectionEnabled: false, pageLoadStrategy: normal, platform: WINDOWS, platformName: WINDOWS, proxy: Proxy(), se:cdp: ws://localhost:60887/devtoo..., se:cdpVersion: 108.0.5359.126, setWindowRect: true, strictFileInteractability: false, timeouts: {implicit: 0, pageLoad: 300000, script: 30000}, unhandledPromptBehavior: dismiss and notify, webauthn:extension:credBlob: true, webauthn:extension:largeBlob: true, webauthn:virtualAuthenticators: true}
Session ID: 82308819435c7923832dfbdb1c2d6dc8<br/>Trying to find Element By : By.xpath: //button[normalize-space()=&apos;Done&apos;]<br/>Found Element By : By.xpath: //button[normalize-space()=&apos;Done&apos;]</div></td></tr></table><p class="totop"><a href="#summary">back to summary</a></p></body></html>