<?xml version="1.0" encoding="UTF-8"?>
<testng-results total="1" passed="1" failed="0" skipped="0">
  <reporter-output>
    <line>
      <![CDATA[Trying to find Element By : By.xpath: //input[@id='username']]]>
    </line>
    <line>
      <![CDATA[Found Element By : By.xpath: //input[@id='username']]]>
    </line>
    <line>
      <![CDATA[Trying to find Element By : By.xpath: //input[@id='username']]]>
    </line>
    <line>
      <![CDATA[Found Element By : By.xpath: //input[@id='username']]]>
    </line>
    <line>
      <![CDATA[Trying to find Element By : By.xpath: //input[@id='password']]]>
    </line>
    <line>
      <![CDATA[Found Element By : By.xpath: //input[@id='password']]]>
    </line>
    <line>
      <![CDATA[Trying to find Element By : By.xpath: //input[@id='password']]]>
    </line>
    <line>
      <![CDATA[Found Element By : By.xpath: //input[@id='password']]]>
    </line>
    <line>
      <![CDATA[Trying to find Element By : By.xpath: //button[normalize-space()='Sign In']]]>
    </line>
    <line>
      <![CDATA[Found Element By : By.xpath: //button[normalize-space()='Sign In']]]>
    </line>
    <line>
      <![CDATA[Trying to find Element By : By.xpath: //nav/child::a]]>
    </line>
    <line>
      <![CDATA[Found Element By : By.xpath: //nav/child::a]]>
    </line>
    <line>
      <![CDATA[Trying to find Element By : By.xpath: //nav/child::a]]>
    </line>
    <line>
      <![CDATA[Found Element By : By.xpath: //nav/child::a]]>
    </line>
    <line>
      <![CDATA[Trying to find Element By : By.xpath: //nav/child::a]]>
    </line>
    <line>
      <![CDATA[Found Element By : By.xpath: //nav/child::a]]>
    </line>
    <line>
      <![CDATA[Trying to find Element By : By.xpath: //select[@aria-labelledby='sort-by']]]>
    </line>
    <line>
      <![CDATA[Found Element By : By.xpath: //select[@aria-labelledby='sort-by']]]>
    </line>
    <line>
      <![CDATA[Trying to find Element By : By.xpath: //select[@aria-labelledby='sort-by']]]>
    </line>
    <line>
      <![CDATA[Found Element By : By.xpath: //select[@aria-labelledby='sort-by']]]>
    </line>
    <line>
      <![CDATA[Trying to find Element By : By.xpath: //select[@aria-labelledby='sort-by']]]>
    </line>
    <line>
      <![CDATA[Found Element By : By.xpath: //select[@aria-labelledby='sort-by']]]>
    </line>
    <line>
      <![CDATA[Trying to find Element By : By.xpath: .//option[normalize-space(.) = "Date of topic update"]]]>
    </line>
    <line>
      <![CDATA[Found Element By : By.xpath: .//option[normalize-space(.) = "Date of topic update"]]]>
    </line>
    <line>
      <![CDATA[Trying to click on: [[[[ChromeDriver: chrome on WINDOWS (82308819435c7923832dfbdb1c2d6dc8)] -> xpath: //select[@aria-labelledby='sort-by']]] -> xpath: .//option[normalize-space(.) = "Date of topic update"]]]]>
    </line>
    <line>
      <![CDATA[Clicked on: [[[[ChromeDriver: chrome on WINDOWS (82308819435c7923832dfbdb1c2d6dc8)] -> xpath: //select[@aria-labelledby='sort-by']]] -> xpath: .//option[normalize-space(.) = "Date of topic update"]]]]>
    </line>
    <line>
      <![CDATA[Trying to find Element By : By.xpath: //input[@aria-label='filter']]]>
    </line>
    <line>
      <![CDATA[Found Element By : By.xpath: //input[@aria-label='filter']]]>
    </line>
    <line>
      <![CDATA[Trying to find Element By : By.xpath: //a[normalize-space()='Litigation Financing']]]>
    </line>
    <line>
      <![CDATA[Found Element By : By.xpath: //a[normalize-space()='Litigation Financing']]]>
    </line>
    <line>
      <![CDATA[Trying to find Element By : By.xpath: //div[@class='css-1k5s00q']//div/child::p[1]]]>
    </line>
    <line>
      <![CDATA[Found Element By : By.xpath: //div[@class='css-1k5s00q']//div/child::p[1]]]>
    </line>
    <line>
      <![CDATA[Trying to find Element By : By.xpath: //div[@class='css-1k5s00q']//div/child::p[1]]]>
    </line>
    <line>
      <![CDATA[Found Element By : By.xpath: //div[@class='css-1k5s00q']//div/child::p[1]]]>
    </line>
    <line>
      <![CDATA[Trying to find Element By : By.xpath: //div[@class='css-1k5s00q']//div/child::p[1]]]>
    </line>
    <line>
      <![CDATA[Found Element By : By.xpath: //div[@class='css-1k5s00q']//div/child::p[1]]]>
    </line>
    <line>
      <![CDATA[Trying to find Element By : By.xpath: //div[@class='css-1k5s00q']//div/child::p[1]]]>
    </line>
    <line>
      <![CDATA[Found Element By : By.xpath: //div[@class='css-1k5s00q']//div/child::p[1]]]>
    </line>
    <line>
      <![CDATA[Trying to find Element By : By.xpath: //div[@class='css-1k5s00q']//div/child::p[1]]]>
    </line>
    <line>
      <![CDATA[Found Element By : By.xpath: //div[@class='css-1k5s00q']//div/child::p[1]]]>
    </line>
    <line>
      <![CDATA[Trying to find Element By : By.xpath: //div[@class='css-1k5s00q']//div/child::p[1]]]>
    </line>
    <line>
      <![CDATA[Found Element By : By.xpath: //div[@class='css-1k5s00q']//div/child::p[1]]]>
    </line>
    <line>
      <![CDATA[Trying to find Element By : By.xpath: //div[@class='css-1k5s00q']//div/child::p[1]]]>
    </line>
    <line>
      <![CDATA[Found Element By : By.xpath: //div[@class='css-1k5s00q']//div/child::p[1]]]>
    </line>
    <line>
      <![CDATA[Trying to find Element By : By.xpath: //div[@class='css-1k5s00q']//div/child::p[1]]]>
    </line>
    <line>
      <![CDATA[Found Element By : By.xpath: //div[@class='css-1k5s00q']//div/child::p[1]]]>
    </line>
    <line>
      <![CDATA[Trying to find Element By : By.xpath: //div[@class='css-1k5s00q']//div/child::p[1]]]>
    </line>
    <line>
      <![CDATA[Found Element By : By.xpath: //div[@class='css-1k5s00q']//div/child::p[1]]]>
    </line>
    <line>
      <![CDATA[Trying to find Element By : By.xpath: //div[@class='css-1k5s00q']//div/child::p[1]]]>
    </line>
    <line>
      <![CDATA[Found Element By : By.xpath: //div[@class='css-1k5s00q']//div/child::p[1]]]>
    </line>
    <line>
      <![CDATA[Trying to find Element By : By.xpath: //div[@class='css-79elbk'][6]//div[1]//button[1]]]>
    </line>
    <line>
      <![CDATA[Found Element By : By.xpath: //div[@class='css-79elbk'][6]//div[1]//button[1]]]>
    </line>
    <line>
      <![CDATA[Trying to find Element By : By.xpath: //button[normalize-space()='Done']]]>
    </line>
    <line>
      <![CDATA[Exception occured: org.openqa.selenium.NoSuchElementException: no such element: Unable to locate element: {"method":"xpath","selector":"//button[normalize-space()='Done']"}
  (Session info: chrome=108.0.5359.126)
For documentation on this error, please visit: https://selenium.dev/exceptions/#no_such_element
Build info: version: '4.0.0-rc-1', revision: 'bc5511cbda'
System info: host: 'IS-Y545-AL', ip: '192.168.1.35', os.name: 'Windows 11', os.arch: 'amd64', os.version: '10.0', java.version: '17.0.5'
Driver info: org.openqa.selenium.chrome.ChromeDriver
Command: [82308819435c7923832dfbdb1c2d6dc8, findElement {using=xpath, value=//button[normalize-space()='Done']}]
Capabilities {acceptInsecureCerts: false, browserName: chrome, browserVersion: 108.0.5359.126, chrome: {chromedriverVersion: 108.0.5359.71 (1e0e3868ee06..., userDataDir: C:\Users\AVIRAJ~1\AppData\L...}, goog:chromeOptions: {debuggerAddress: localhost:60887}, javascriptEnabled: true, networkConnectionEnabled: false, pageLoadStrategy: normal, platform: WINDOWS, platformName: WINDOWS, proxy: Proxy(), se:cdp: ws://localhost:60887/devtoo..., se:cdpVersion: 108.0.5359.126, setWindowRect: true, strictFileInteractability: false, timeouts: {implicit: 0, pageLoad: 300000, script: 30000}, unhandledPromptBehavior: dismiss and notify, webauthn:extension:credBlob: true, webauthn:extension:largeBlob: true, webauthn:virtualAuthenticators: true}
Session ID: 82308819435c7923832dfbdb1c2d6dc8]]>
    </line>
    <line>
      <![CDATA[Trying to find Element By : By.xpath: //button[normalize-space()='Done']]]>
    </line>
    <line>
      <![CDATA[Exception occured: org.openqa.selenium.NoSuchElementException: no such element: Unable to locate element: {"method":"xpath","selector":"//button[normalize-space()='Done']"}
  (Session info: chrome=108.0.5359.126)
For documentation on this error, please visit: https://selenium.dev/exceptions/#no_such_element
Build info: version: '4.0.0-rc-1', revision: 'bc5511cbda'
System info: host: 'IS-Y545-AL', ip: '192.168.1.35', os.name: 'Windows 11', os.arch: 'amd64', os.version: '10.0', java.version: '17.0.5'
Driver info: org.openqa.selenium.chrome.ChromeDriver
Command: [82308819435c7923832dfbdb1c2d6dc8, findElement {using=xpath, value=//button[normalize-space()='Done']}]
Capabilities {acceptInsecureCerts: false, browserName: chrome, browserVersion: 108.0.5359.126, chrome: {chromedriverVersion: 108.0.5359.71 (1e0e3868ee06..., userDataDir: C:\Users\AVIRAJ~1\AppData\L...}, goog:chromeOptions: {debuggerAddress: localhost:60887}, javascriptEnabled: true, networkConnectionEnabled: false, pageLoadStrategy: normal, platform: WINDOWS, platformName: WINDOWS, proxy: Proxy(), se:cdp: ws://localhost:60887/devtoo..., se:cdpVersion: 108.0.5359.126, setWindowRect: true, strictFileInteractability: false, timeouts: {implicit: 0, pageLoad: 300000, script: 30000}, unhandledPromptBehavior: dismiss and notify, webauthn:extension:credBlob: true, webauthn:extension:largeBlob: true, webauthn:virtualAuthenticators: true}
Session ID: 82308819435c7923832dfbdb1c2d6dc8]]>
    </line>
    <line>
      <![CDATA[Trying to find Element By : By.xpath: //button[normalize-space()='Done']]]>
    </line>
    <line>
      <![CDATA[Found Element By : By.xpath: //button[normalize-space()='Done']]]>
    </line>
    <line>
      <![CDATA[Trying to find Element By : By.xpath: (//*[name()='svg'][@class='svg-inline--fa fa-angle-down '])[1]]]>
    </line>
    <line>
      <![CDATA[Found Element By : By.xpath: (//*[name()='svg'][@class='svg-inline--fa fa-angle-down '])[1]]]>
    </line>
    <line>
      <![CDATA[Trying to find Element By : By.xpath: //div[@class='chakra-menu__group']/child::a]]>
    </line>
    <line>
      <![CDATA[Found Element By : By.xpath: //div[@class='chakra-menu__group']/child::a]]>
    </line>
    <line>
      <![CDATA[Trying to find Element By : By.xpath: //div[@class='chakra-stack css-dk347']/child::p[1]]]>
    </line>
    <line>
      <![CDATA[Found Element By : By.xpath: //div[@class='chakra-stack css-dk347']/child::p[1]]]>
    </line>
    <line>
      <![CDATA[Trying to find Element By : By.xpath: (//button[@title='Unsubscribe'])[2]]]>
    </line>
    <line>
      <![CDATA[Found Element By : By.xpath: (//button[@title='Unsubscribe'])[2]]]>
    </line>
    <line>
      <![CDATA[Trying to find Element By : By.xpath: //button[normalize-space()='Done']]]>
    </line>
    <line>
      <![CDATA[Exception occured: org.openqa.selenium.NoSuchElementException: no such element: Unable to locate element: {"method":"xpath","selector":"//button[normalize-space()='Done']"}
  (Session info: chrome=108.0.5359.126)
For documentation on this error, please visit: https://selenium.dev/exceptions/#no_such_element
Build info: version: '4.0.0-rc-1', revision: 'bc5511cbda'
System info: host: 'IS-Y545-AL', ip: '192.168.1.35', os.name: 'Windows 11', os.arch: 'amd64', os.version: '10.0', java.version: '17.0.5'
Driver info: org.openqa.selenium.chrome.ChromeDriver
Command: [82308819435c7923832dfbdb1c2d6dc8, findElement {using=xpath, value=//button[normalize-space()='Done']}]
Capabilities {acceptInsecureCerts: false, browserName: chrome, browserVersion: 108.0.5359.126, chrome: {chromedriverVersion: 108.0.5359.71 (1e0e3868ee06..., userDataDir: C:\Users\AVIRAJ~1\AppData\L...}, goog:chromeOptions: {debuggerAddress: localhost:60887}, javascriptEnabled: true, networkConnectionEnabled: false, pageLoadStrategy: normal, platform: WINDOWS, platformName: WINDOWS, proxy: Proxy(), se:cdp: ws://localhost:60887/devtoo..., se:cdpVersion: 108.0.5359.126, setWindowRect: true, strictFileInteractability: false, timeouts: {implicit: 0, pageLoad: 300000, script: 30000}, unhandledPromptBehavior: dismiss and notify, webauthn:extension:credBlob: true, webauthn:extension:largeBlob: true, webauthn:virtualAuthenticators: true}
Session ID: 82308819435c7923832dfbdb1c2d6dc8]]>
    </line>
    <line>
      <![CDATA[Trying to find Element By : By.xpath: //button[normalize-space()='Done']]]>
    </line>
    <line>
      <![CDATA[Exception occured: org.openqa.selenium.NoSuchElementException: no such element: Unable to locate element: {"method":"xpath","selector":"//button[normalize-space()='Done']"}
  (Session info: chrome=108.0.5359.126)
For documentation on this error, please visit: https://selenium.dev/exceptions/#no_such_element
Build info: version: '4.0.0-rc-1', revision: 'bc5511cbda'
System info: host: 'IS-Y545-AL', ip: '192.168.1.35', os.name: 'Windows 11', os.arch: 'amd64', os.version: '10.0', java.version: '17.0.5'
Driver info: org.openqa.selenium.chrome.ChromeDriver
Command: [82308819435c7923832dfbdb1c2d6dc8, findElement {using=xpath, value=//button[normalize-space()='Done']}]
Capabilities {acceptInsecureCerts: false, browserName: chrome, browserVersion: 108.0.5359.126, chrome: {chromedriverVersion: 108.0.5359.71 (1e0e3868ee06..., userDataDir: C:\Users\AVIRAJ~1\AppData\L...}, goog:chromeOptions: {debuggerAddress: localhost:60887}, javascriptEnabled: true, networkConnectionEnabled: false, pageLoadStrategy: normal, platform: WINDOWS, platformName: WINDOWS, proxy: Proxy(), se:cdp: ws://localhost:60887/devtoo..., se:cdpVersion: 108.0.5359.126, setWindowRect: true, strictFileInteractability: false, timeouts: {implicit: 0, pageLoad: 300000, script: 30000}, unhandledPromptBehavior: dismiss and notify, webauthn:extension:credBlob: true, webauthn:extension:largeBlob: true, webauthn:virtualAuthenticators: true}
Session ID: 82308819435c7923832dfbdb1c2d6dc8]]>
    </line>
    <line>
      <![CDATA[Trying to find Element By : By.xpath: //button[normalize-space()='Done']]]>
    </line>
    <line>
      <![CDATA[Found Element By : By.xpath: //button[normalize-space()='Done']]]>
    </line>
  </reporter-output>
  <suite started-at="2023-01-12T09:41:53Z" name="Suite" finished-at="2023-01-12T09:42:21Z" duration-ms="28803">
    <groups>
    </groups>
    <test started-at="2023-01-12T09:41:53Z" name="Test" finished-at="2023-01-12T09:42:21Z" duration-ms="28803">
      <class name="newTestcase.Tc001_Subsribe_Test">
        <test-method is-config="true" signature="extentFileCreation()[pri:0, instance:newTestcase.Tc001_Subsribe_Test@ab7395e]" started-at="2023-01-12T15:11:52Z" name="extentFileCreation" finished-at="2023-01-12T15:11:53Z" duration-ms="230" status="PASS">
          <reporter-output>
          </reporter-output>
        </test-method> <!-- extentFileCreation -->
        <test-method is-config="true" signature="launchApplication(java.lang.String)[pri:0, instance:newTestcase.Tc001_Subsribe_Test@ab7395e]" started-at="2023-01-12T15:11:53Z" name="launchApplication" finished-at="2023-01-12T15:11:59Z" duration-ms="6590" status="PASS">
          <params>
            <param index="0">
              <value>
                <![CDATA[Chrome]]>
              </value>
            </param>
          </params>
          <reporter-output>
          </reporter-output>
        </test-method> <!-- launchApplication -->
        <test-method is-config="true" signature="RequireLogin()[pri:0, instance:newTestcase.Tc001_Subsribe_Test@ab7395e]" started-at="2023-01-12T15:11:59Z" name="RequireLogin" finished-at="2023-01-12T15:12:00Z" duration-ms="1101" status="PASS">
          <reporter-output>
            <line>
              <![CDATA[Trying to find Element By : By.xpath: //input[@id='username']]]>
            </line>
            <line>
              <![CDATA[Found Element By : By.xpath: //input[@id='username']]]>
            </line>
            <line>
              <![CDATA[Trying to find Element By : By.xpath: //input[@id='username']]]>
            </line>
            <line>
              <![CDATA[Found Element By : By.xpath: //input[@id='username']]]>
            </line>
            <line>
              <![CDATA[Trying to find Element By : By.xpath: //input[@id='password']]]>
            </line>
            <line>
              <![CDATA[Found Element By : By.xpath: //input[@id='password']]]>
            </line>
            <line>
              <![CDATA[Trying to find Element By : By.xpath: //input[@id='password']]]>
            </line>
            <line>
              <![CDATA[Found Element By : By.xpath: //input[@id='password']]]>
            </line>
            <line>
              <![CDATA[Trying to find Element By : By.xpath: //button[normalize-space()='Sign In']]]>
            </line>
            <line>
              <![CDATA[Found Element By : By.xpath: //button[normalize-space()='Sign In']]]>
            </line>
          </reporter-output>
        </test-method> <!-- RequireLogin -->
        <test-method is-config="true" signature="getFunctionName(java.lang.reflect.Method)[pri:0, instance:newTestcase.Tc001_Subsribe_Test@ab7395e]" started-at="2023-01-12T15:12:00Z" name="getFunctionName" finished-at="2023-01-12T15:12:00Z" duration-ms="4" status="PASS">
          <params>
            <param index="0">
              <value>
                <![CDATA[public void newTestcase.Tc001_Subsribe_Test.portfolioTest(java.lang.String) throws java.lang.InterruptedException,java.io.IOException,com.opencsv.exceptions.CsvException]]>
              </value>
            </param>
          </params>
          <reporter-output>
          </reporter-output>
        </test-method> <!-- getFunctionName -->
        <test-method signature="portfolioTest(java.lang.String)[pri:2, instance:newTestcase.Tc001_Subsribe_Test@ab7395e]" started-at="2023-01-12T15:12:00Z" name="portfolioTest" data-provider="test" finished-at="2023-01-12T15:12:21Z" duration-ms="20808" status="PASS">
          <params>
            <param index="0">
              <value>
                <![CDATA[S1]]>
              </value>
            </param>
          </params>
          <reporter-output>
            <line>
              <![CDATA[Trying to find Element By : By.xpath: //nav/child::a]]>
            </line>
            <line>
              <![CDATA[Found Element By : By.xpath: //nav/child::a]]>
            </line>
            <line>
              <![CDATA[Trying to find Element By : By.xpath: //nav/child::a]]>
            </line>
            <line>
              <![CDATA[Found Element By : By.xpath: //nav/child::a]]>
            </line>
            <line>
              <![CDATA[Trying to find Element By : By.xpath: //nav/child::a]]>
            </line>
            <line>
              <![CDATA[Found Element By : By.xpath: //nav/child::a]]>
            </line>
            <line>
              <![CDATA[Trying to find Element By : By.xpath: //select[@aria-labelledby='sort-by']]]>
            </line>
            <line>
              <![CDATA[Found Element By : By.xpath: //select[@aria-labelledby='sort-by']]]>
            </line>
            <line>
              <![CDATA[Trying to find Element By : By.xpath: //select[@aria-labelledby='sort-by']]]>
            </line>
            <line>
              <![CDATA[Found Element By : By.xpath: //select[@aria-labelledby='sort-by']]]>
            </line>
            <line>
              <![CDATA[Trying to find Element By : By.xpath: //select[@aria-labelledby='sort-by']]]>
            </line>
            <line>
              <![CDATA[Found Element By : By.xpath: //select[@aria-labelledby='sort-by']]]>
            </line>
            <line>
              <![CDATA[Trying to find Element By : By.xpath: .//option[normalize-space(.) = "Date of topic update"]]]>
            </line>
            <line>
              <![CDATA[Found Element By : By.xpath: .//option[normalize-space(.) = "Date of topic update"]]]>
            </line>
            <line>
              <![CDATA[Trying to click on: [[[[ChromeDriver: chrome on WINDOWS (82308819435c7923832dfbdb1c2d6dc8)] -> xpath: //select[@aria-labelledby='sort-by']]] -> xpath: .//option[normalize-space(.) = "Date of topic update"]]]]>
            </line>
            <line>
              <![CDATA[Clicked on: [[[[ChromeDriver: chrome on WINDOWS (82308819435c7923832dfbdb1c2d6dc8)] -> xpath: //select[@aria-labelledby='sort-by']]] -> xpath: .//option[normalize-space(.) = "Date of topic update"]]]]>
            </line>
            <line>
              <![CDATA[Trying to find Element By : By.xpath: //input[@aria-label='filter']]]>
            </line>
            <line>
              <![CDATA[Found Element By : By.xpath: //input[@aria-label='filter']]]>
            </line>
            <line>
              <![CDATA[Trying to find Element By : By.xpath: //a[normalize-space()='Litigation Financing']]]>
            </line>
            <line>
              <![CDATA[Found Element By : By.xpath: //a[normalize-space()='Litigation Financing']]]>
            </line>
            <line>
              <![CDATA[Trying to find Element By : By.xpath: //div[@class='css-1k5s00q']//div/child::p[1]]]>
            </line>
            <line>
              <![CDATA[Found Element By : By.xpath: //div[@class='css-1k5s00q']//div/child::p[1]]]>
            </line>
            <line>
              <![CDATA[Trying to find Element By : By.xpath: //div[@class='css-1k5s00q']//div/child::p[1]]]>
            </line>
            <line>
              <![CDATA[Found Element By : By.xpath: //div[@class='css-1k5s00q']//div/child::p[1]]]>
            </line>
            <line>
              <![CDATA[Trying to find Element By : By.xpath: //div[@class='css-1k5s00q']//div/child::p[1]]]>
            </line>
            <line>
              <![CDATA[Found Element By : By.xpath: //div[@class='css-1k5s00q']//div/child::p[1]]]>
            </line>
            <line>
              <![CDATA[Trying to find Element By : By.xpath: //div[@class='css-1k5s00q']//div/child::p[1]]]>
            </line>
            <line>
              <![CDATA[Found Element By : By.xpath: //div[@class='css-1k5s00q']//div/child::p[1]]]>
            </line>
            <line>
              <![CDATA[Trying to find Element By : By.xpath: //div[@class='css-1k5s00q']//div/child::p[1]]]>
            </line>
            <line>
              <![CDATA[Found Element By : By.xpath: //div[@class='css-1k5s00q']//div/child::p[1]]]>
            </line>
            <line>
              <![CDATA[Trying to find Element By : By.xpath: //div[@class='css-1k5s00q']//div/child::p[1]]]>
            </line>
            <line>
              <![CDATA[Found Element By : By.xpath: //div[@class='css-1k5s00q']//div/child::p[1]]]>
            </line>
            <line>
              <![CDATA[Trying to find Element By : By.xpath: //div[@class='css-1k5s00q']//div/child::p[1]]]>
            </line>
            <line>
              <![CDATA[Found Element By : By.xpath: //div[@class='css-1k5s00q']//div/child::p[1]]]>
            </line>
            <line>
              <![CDATA[Trying to find Element By : By.xpath: //div[@class='css-1k5s00q']//div/child::p[1]]]>
            </line>
            <line>
              <![CDATA[Found Element By : By.xpath: //div[@class='css-1k5s00q']//div/child::p[1]]]>
            </line>
            <line>
              <![CDATA[Trying to find Element By : By.xpath: //div[@class='css-1k5s00q']//div/child::p[1]]]>
            </line>
            <line>
              <![CDATA[Found Element By : By.xpath: //div[@class='css-1k5s00q']//div/child::p[1]]]>
            </line>
            <line>
              <![CDATA[Trying to find Element By : By.xpath: //div[@class='css-1k5s00q']//div/child::p[1]]]>
            </line>
            <line>
              <![CDATA[Found Element By : By.xpath: //div[@class='css-1k5s00q']//div/child::p[1]]]>
            </line>
            <line>
              <![CDATA[Trying to find Element By : By.xpath: //div[@class='css-79elbk'][6]//div[1]//button[1]]]>
            </line>
            <line>
              <![CDATA[Found Element By : By.xpath: //div[@class='css-79elbk'][6]//div[1]//button[1]]]>
            </line>
            <line>
              <![CDATA[Trying to find Element By : By.xpath: //button[normalize-space()='Done']]]>
            </line>
            <line>
              <![CDATA[Exception occured: org.openqa.selenium.NoSuchElementException: no such element: Unable to locate element: {"method":"xpath","selector":"//button[normalize-space()='Done']"}
  (Session info: chrome=108.0.5359.126)
For documentation on this error, please visit: https://selenium.dev/exceptions/#no_such_element
Build info: version: '4.0.0-rc-1', revision: 'bc5511cbda'
System info: host: 'IS-Y545-AL', ip: '192.168.1.35', os.name: 'Windows 11', os.arch: 'amd64', os.version: '10.0', java.version: '17.0.5'
Driver info: org.openqa.selenium.chrome.ChromeDriver
Command: [82308819435c7923832dfbdb1c2d6dc8, findElement {using=xpath, value=//button[normalize-space()='Done']}]
Capabilities {acceptInsecureCerts: false, browserName: chrome, browserVersion: 108.0.5359.126, chrome: {chromedriverVersion: 108.0.5359.71 (1e0e3868ee06..., userDataDir: C:\Users\AVIRAJ~1\AppData\L...}, goog:chromeOptions: {debuggerAddress: localhost:60887}, javascriptEnabled: true, networkConnectionEnabled: false, pageLoadStrategy: normal, platform: WINDOWS, platformName: WINDOWS, proxy: Proxy(), se:cdp: ws://localhost:60887/devtoo..., se:cdpVersion: 108.0.5359.126, setWindowRect: true, strictFileInteractability: false, timeouts: {implicit: 0, pageLoad: 300000, script: 30000}, unhandledPromptBehavior: dismiss and notify, webauthn:extension:credBlob: true, webauthn:extension:largeBlob: true, webauthn:virtualAuthenticators: true}
Session ID: 82308819435c7923832dfbdb1c2d6dc8]]>
            </line>
            <line>
              <![CDATA[Trying to find Element By : By.xpath: //button[normalize-space()='Done']]]>
            </line>
            <line>
              <![CDATA[Exception occured: org.openqa.selenium.NoSuchElementException: no such element: Unable to locate element: {"method":"xpath","selector":"//button[normalize-space()='Done']"}
  (Session info: chrome=108.0.5359.126)
For documentation on this error, please visit: https://selenium.dev/exceptions/#no_such_element
Build info: version: '4.0.0-rc-1', revision: 'bc5511cbda'
System info: host: 'IS-Y545-AL', ip: '192.168.1.35', os.name: 'Windows 11', os.arch: 'amd64', os.version: '10.0', java.version: '17.0.5'
Driver info: org.openqa.selenium.chrome.ChromeDriver
Command: [82308819435c7923832dfbdb1c2d6dc8, findElement {using=xpath, value=//button[normalize-space()='Done']}]
Capabilities {acceptInsecureCerts: false, browserName: chrome, browserVersion: 108.0.5359.126, chrome: {chromedriverVersion: 108.0.5359.71 (1e0e3868ee06..., userDataDir: C:\Users\AVIRAJ~1\AppData\L...}, goog:chromeOptions: {debuggerAddress: localhost:60887}, javascriptEnabled: true, networkConnectionEnabled: false, pageLoadStrategy: normal, platform: WINDOWS, platformName: WINDOWS, proxy: Proxy(), se:cdp: ws://localhost:60887/devtoo..., se:cdpVersion: 108.0.5359.126, setWindowRect: true, strictFileInteractability: false, timeouts: {implicit: 0, pageLoad: 300000, script: 30000}, unhandledPromptBehavior: dismiss and notify, webauthn:extension:credBlob: true, webauthn:extension:largeBlob: true, webauthn:virtualAuthenticators: true}
Session ID: 82308819435c7923832dfbdb1c2d6dc8]]>
            </line>
            <line>
              <![CDATA[Trying to find Element By : By.xpath: //button[normalize-space()='Done']]]>
            </line>
            <line>
              <![CDATA[Found Element By : By.xpath: //button[normalize-space()='Done']]]>
            </line>
            <line>
              <![CDATA[Trying to find Element By : By.xpath: (//*[name()='svg'][@class='svg-inline--fa fa-angle-down '])[1]]]>
            </line>
            <line>
              <![CDATA[Found Element By : By.xpath: (//*[name()='svg'][@class='svg-inline--fa fa-angle-down '])[1]]]>
            </line>
            <line>
              <![CDATA[Trying to find Element By : By.xpath: //div[@class='chakra-menu__group']/child::a]]>
            </line>
            <line>
              <![CDATA[Found Element By : By.xpath: //div[@class='chakra-menu__group']/child::a]]>
            </line>
            <line>
              <![CDATA[Trying to find Element By : By.xpath: //div[@class='chakra-stack css-dk347']/child::p[1]]]>
            </line>
            <line>
              <![CDATA[Found Element By : By.xpath: //div[@class='chakra-stack css-dk347']/child::p[1]]]>
            </line>
            <line>
              <![CDATA[Trying to find Element By : By.xpath: (//button[@title='Unsubscribe'])[2]]]>
            </line>
            <line>
              <![CDATA[Found Element By : By.xpath: (//button[@title='Unsubscribe'])[2]]]>
            </line>
            <line>
              <![CDATA[Trying to find Element By : By.xpath: //button[normalize-space()='Done']]]>
            </line>
            <line>
              <![CDATA[Exception occured: org.openqa.selenium.NoSuchElementException: no such element: Unable to locate element: {"method":"xpath","selector":"//button[normalize-space()='Done']"}
  (Session info: chrome=108.0.5359.126)
For documentation on this error, please visit: https://selenium.dev/exceptions/#no_such_element
Build info: version: '4.0.0-rc-1', revision: 'bc5511cbda'
System info: host: 'IS-Y545-AL', ip: '192.168.1.35', os.name: 'Windows 11', os.arch: 'amd64', os.version: '10.0', java.version: '17.0.5'
Driver info: org.openqa.selenium.chrome.ChromeDriver
Command: [82308819435c7923832dfbdb1c2d6dc8, findElement {using=xpath, value=//button[normalize-space()='Done']}]
Capabilities {acceptInsecureCerts: false, browserName: chrome, browserVersion: 108.0.5359.126, chrome: {chromedriverVersion: 108.0.5359.71 (1e0e3868ee06..., userDataDir: C:\Users\AVIRAJ~1\AppData\L...}, goog:chromeOptions: {debuggerAddress: localhost:60887}, javascriptEnabled: true, networkConnectionEnabled: false, pageLoadStrategy: normal, platform: WINDOWS, platformName: WINDOWS, proxy: Proxy(), se:cdp: ws://localhost:60887/devtoo..., se:cdpVersion: 108.0.5359.126, setWindowRect: true, strictFileInteractability: false, timeouts: {implicit: 0, pageLoad: 300000, script: 30000}, unhandledPromptBehavior: dismiss and notify, webauthn:extension:credBlob: true, webauthn:extension:largeBlob: true, webauthn:virtualAuthenticators: true}
Session ID: 82308819435c7923832dfbdb1c2d6dc8]]>
            </line>
            <line>
              <![CDATA[Trying to find Element By : By.xpath: //button[normalize-space()='Done']]]>
            </line>
            <line>
              <![CDATA[Exception occured: org.openqa.selenium.NoSuchElementException: no such element: Unable to locate element: {"method":"xpath","selector":"//button[normalize-space()='Done']"}
  (Session info: chrome=108.0.5359.126)
For documentation on this error, please visit: https://selenium.dev/exceptions/#no_such_element
Build info: version: '4.0.0-rc-1', revision: 'bc5511cbda'
System info: host: 'IS-Y545-AL', ip: '192.168.1.35', os.name: 'Windows 11', os.arch: 'amd64', os.version: '10.0', java.version: '17.0.5'
Driver info: org.openqa.selenium.chrome.ChromeDriver
Command: [82308819435c7923832dfbdb1c2d6dc8, findElement {using=xpath, value=//button[normalize-space()='Done']}]
Capabilities {acceptInsecureCerts: false, browserName: chrome, browserVersion: 108.0.5359.126, chrome: {chromedriverVersion: 108.0.5359.71 (1e0e3868ee06..., userDataDir: C:\Users\AVIRAJ~1\AppData\L...}, goog:chromeOptions: {debuggerAddress: localhost:60887}, javascriptEnabled: true, networkConnectionEnabled: false, pageLoadStrategy: normal, platform: WINDOWS, platformName: WINDOWS, proxy: Proxy(), se:cdp: ws://localhost:60887/devtoo..., se:cdpVersion: 108.0.5359.126, setWindowRect: true, strictFileInteractability: false, timeouts: {implicit: 0, pageLoad: 300000, script: 30000}, unhandledPromptBehavior: dismiss and notify, webauthn:extension:credBlob: true, webauthn:extension:largeBlob: true, webauthn:virtualAuthenticators: true}
Session ID: 82308819435c7923832dfbdb1c2d6dc8]]>
            </line>
            <line>
              <![CDATA[Trying to find Element By : By.xpath: //button[normalize-space()='Done']]]>
            </line>
            <line>
              <![CDATA[Found Element By : By.xpath: //button[normalize-space()='Done']]]>
            </line>
          </reporter-output>
        </test-method> <!-- portfolioTest -->
        <test-method is-config="true" signature="tearDown()[pri:0, instance:newTestcase.Tc001_Subsribe_Test@ab7395e]" started-at="2023-01-12T15:12:21Z" name="tearDown" finished-at="2023-01-12T15:12:21Z" duration-ms="268" status="PASS">
          <reporter-output>
          </reporter-output>
        </test-method> <!-- tearDown -->
      </class> <!-- newTestcase.Tc001_Subsribe_Test -->
    </test> <!-- Test -->
  </suite> <!-- Suite -->
</testng-results>
